{"/Users/tangerball/codeBase/abbrlink/packages/cli/src/index.ts": {"path":"/Users/tangerball/codeBase/abbrlink/packages/cli/src/index.ts","all":false,"statementMap":{"0":{"start":{"line":1,"column":0},"end":{"line":1,"column":32}},"7":{"start":{"line":8,"column":0},"end":{"line":8,"column":53}},"8":{"start":{"line":9,"column":0},"end":{"line":9,"column":47}},"9":{"start":{"line":10,"column":0},"end":{"line":10,"column":1}},"12":{"start":{"line":13,"column":0},"end":{"line":13,"column":50}},"13":{"start":{"line":14,"column":0},"end":{"line":14,"column":43}},"14":{"start":{"line":15,"column":0},"end":{"line":15,"column":1}},"23":{"start":{"line":24,"column":0},"end":{"line":24,"column":58}},"24":{"start":{"line":25,"column":0},"end":{"line":25,"column":40}},"26":{"start":{"line":27,"column":0},"end":{"line":27,"column":47}},"29":{"start":{"line":30,"column":0},"end":{"line":30,"column":67}},"34":{"start":{"line":35,"column":0},"end":{"line":35,"column":69}},"35":{"start":{"line":36,"column":0},"end":{"line":36,"column":35}},"36":{"start":{"line":37,"column":0},"end":{"line":37,"column":25}},"37":{"start":{"line":38,"column":0},"end":{"line":38,"column":21}},"38":{"start":{"line":39,"column":0},"end":{"line":39,"column":22}},"39":{"start":{"line":40,"column":0},"end":{"line":40,"column":47}},"40":{"start":{"line":41,"column":0},"end":{"line":41,"column":6}},"41":{"start":{"line":42,"column":0},"end":{"line":42,"column":3}},"46":{"start":{"line":47,"column":0},"end":{"line":47,"column":75}},"47":{"start":{"line":48,"column":0},"end":{"line":48,"column":9}},"48":{"start":{"line":49,"column":0},"end":{"line":49,"column":59}},"49":{"start":{"line":50,"column":0},"end":{"line":50,"column":97}},"50":{"start":{"line":51,"column":0},"end":{"line":51,"column":21}},"51":{"start":{"line":52,"column":0},"end":{"line":52,"column":63}},"52":{"start":{"line":53,"column":0},"end":{"line":53,"column":5}},"53":{"start":{"line":54,"column":0},"end":{"line":54,"column":3}},"59":{"start":{"line":60,"column":0},"end":{"line":60,"column":58}},"60":{"start":{"line":61,"column":0},"end":{"line":61,"column":22}},"61":{"start":{"line":62,"column":0},"end":{"line":62,"column":49}},"62":{"start":{"line":63,"column":0},"end":{"line":63,"column":13}},"63":{"start":{"line":64,"column":0},"end":{"line":64,"column":58}},"64":{"start":{"line":65,"column":0},"end":{"line":65,"column":45}},"65":{"start":{"line":66,"column":0},"end":{"line":66,"column":51}},"67":{"start":{"line":68,"column":0},"end":{"line":68,"column":70}},"69":{"start":{"line":70,"column":0},"end":{"line":70,"column":58}},"70":{"start":{"line":71,"column":0},"end":{"line":71,"column":11}},"71":{"start":{"line":72,"column":0},"end":{"line":72,"column":25}},"72":{"start":{"line":73,"column":0},"end":{"line":73,"column":70}},"73":{"start":{"line":74,"column":0},"end":{"line":74,"column":9}},"74":{"start":{"line":75,"column":0},"end":{"line":75,"column":9}},"75":{"start":{"line":76,"column":0},"end":{"line":76,"column":5}},"76":{"start":{"line":77,"column":0},"end":{"line":77,"column":3}},"81":{"start":{"line":82,"column":0},"end":{"line":82,"column":42}},"82":{"start":{"line":83,"column":0},"end":{"line":83,"column":48}},"84":{"start":{"line":85,"column":0},"end":{"line":85,"column":29}},"85":{"start":{"line":86,"column":0},"end":{"line":86,"column":3}},"90":{"start":{"line":91,"column":0},"end":{"line":91,"column":30}},"92":{"start":{"line":93,"column":0},"end":{"line":93,"column":29}},"93":{"start":{"line":94,"column":0},"end":{"line":94,"column":60}},"94":{"start":{"line":95,"column":0},"end":{"line":95,"column":7}},"95":{"start":{"line":96,"column":0},"end":{"line":96,"column":25}},"96":{"start":{"line":97,"column":0},"end":{"line":97,"column":29}},"97":{"start":{"line":98,"column":0},"end":{"line":98,"column":8}},"98":{"start":{"line":99,"column":0},"end":{"line":99,"column":5}},"100":{"start":{"line":101,"column":0},"end":{"line":101,"column":42}},"102":{"start":{"line":103,"column":0},"end":{"line":103,"column":29}},"103":{"start":{"line":104,"column":0},"end":{"line":104,"column":6}},"104":{"start":{"line":105,"column":0},"end":{"line":105,"column":3}},"109":{"start":{"line":110,"column":0},"end":{"line":110,"column":30}},"110":{"start":{"line":111,"column":0},"end":{"line":111,"column":18}},"111":{"start":{"line":112,"column":0},"end":{"line":112,"column":21}},"112":{"start":{"line":113,"column":0},"end":{"line":113,"column":5}},"113":{"start":{"line":114,"column":0},"end":{"line":114,"column":3}},"118":{"start":{"line":119,"column":0},"end":{"line":119,"column":31}},"119":{"start":{"line":120,"column":0},"end":{"line":120,"column":12}},"120":{"start":{"line":121,"column":0},"end":{"line":121,"column":35}},"121":{"start":{"line":122,"column":0},"end":{"line":122,"column":26}},"122":{"start":{"line":123,"column":0},"end":{"line":123,"column":34}},"123":{"start":{"line":124,"column":0},"end":{"line":124,"column":8}},"124":{"start":{"line":125,"column":0},"end":{"line":125,"column":30}},"125":{"start":{"line":126,"column":0},"end":{"line":126,"column":28}},"126":{"start":{"line":127,"column":0},"end":{"line":127,"column":8}},"127":{"start":{"line":128,"column":0},"end":{"line":128,"column":21}},"128":{"start":{"line":129,"column":0},"end":{"line":129,"column":22}},"129":{"start":{"line":130,"column":0},"end":{"line":130,"column":8}},"130":{"start":{"line":131,"column":0},"end":{"line":131,"column":5}},"131":{"start":{"line":132,"column":0},"end":{"line":132,"column":3}},"136":{"start":{"line":137,"column":0},"end":{"line":137,"column":37}},"137":{"start":{"line":138,"column":0},"end":{"line":138,"column":12}},"138":{"start":{"line":139,"column":0},"end":{"line":139,"column":29}},"139":{"start":{"line":140,"column":0},"end":{"line":140,"column":14}},"140":{"start":{"line":141,"column":0},"end":{"line":141,"column":42}},"141":{"start":{"line":142,"column":0},"end":{"line":142,"column":36}},"142":{"start":{"line":143,"column":0},"end":{"line":143,"column":10}},"143":{"start":{"line":144,"column":0},"end":{"line":144,"column":43}},"144":{"start":{"line":145,"column":0},"end":{"line":145,"column":30}},"145":{"start":{"line":146,"column":0},"end":{"line":146,"column":10}},"146":{"start":{"line":147,"column":0},"end":{"line":147,"column":42}},"147":{"start":{"line":148,"column":0},"end":{"line":148,"column":24}},"148":{"start":{"line":149,"column":0},"end":{"line":149,"column":10}},"149":{"start":{"line":150,"column":0},"end":{"line":150,"column":8}},"150":{"start":{"line":151,"column":0},"end":{"line":151,"column":5}},"151":{"start":{"line":152,"column":0},"end":{"line":152,"column":3}},"156":{"start":{"line":157,"column":0},"end":{"line":157,"column":33}},"157":{"start":{"line":158,"column":0},"end":{"line":158,"column":12}},"158":{"start":{"line":159,"column":0},"end":{"line":159,"column":30}},"159":{"start":{"line":160,"column":0},"end":{"line":160,"column":34}},"161":{"start":{"line":162,"column":0},"end":{"line":162,"column":34}},"163":{"start":{"line":164,"column":0},"end":{"line":164,"column":22}},"166":{"start":{"line":167,"column":0},"end":{"line":167,"column":40}},"168":{"start":{"line":169,"column":0},"end":{"line":169,"column":22}},"169":{"start":{"line":170,"column":0},"end":{"line":170,"column":8}},"170":{"start":{"line":171,"column":0},"end":{"line":171,"column":5}},"171":{"start":{"line":172,"column":0},"end":{"line":172,"column":3}},"176":{"start":{"line":177,"column":0},"end":{"line":177,"column":31}},"177":{"start":{"line":178,"column":0},"end":{"line":178,"column":12}},"178":{"start":{"line":179,"column":0},"end":{"line":179,"column":28}},"179":{"start":{"line":180,"column":0},"end":{"line":180,"column":15}},"181":{"start":{"line":182,"column":0},"end":{"line":182,"column":28}},"183":{"start":{"line":184,"column":0},"end":{"line":184,"column":22}},"186":{"start":{"line":187,"column":0},"end":{"line":187,"column":40}},"187":{"start":{"line":188,"column":0},"end":{"line":188,"column":8}},"188":{"start":{"line":189,"column":0},"end":{"line":189,"column":5}},"189":{"start":{"line":190,"column":0},"end":{"line":190,"column":3}},"194":{"start":{"line":195,"column":0},"end":{"line":195,"column":33}},"195":{"start":{"line":196,"column":0},"end":{"line":196,"column":12}},"196":{"start":{"line":197,"column":0},"end":{"line":197,"column":37}},"197":{"start":{"line":198,"column":0},"end":{"line":198,"column":30}},"199":{"start":{"line":200,"column":0},"end":{"line":200,"column":34}},"200":{"start":{"line":201,"column":0},"end":{"line":201,"column":8}},"201":{"start":{"line":202,"column":0},"end":{"line":202,"column":41}},"203":{"start":{"line":204,"column":0},"end":{"line":204,"column":54}},"204":{"start":{"line":205,"column":0},"end":{"line":205,"column":50}},"205":{"start":{"line":206,"column":0},"end":{"line":206,"column":9}},"206":{"start":{"line":207,"column":0},"end":{"line":207,"column":8}},"207":{"start":{"line":208,"column":0},"end":{"line":208,"column":5}},"208":{"start":{"line":209,"column":0},"end":{"line":209,"column":3}},"213":{"start":{"line":214,"column":0},"end":{"line":214,"column":31}},"214":{"start":{"line":215,"column":0},"end":{"line":215,"column":12}},"215":{"start":{"line":216,"column":0},"end":{"line":216,"column":35}},"216":{"start":{"line":217,"column":0},"end":{"line":217,"column":23}},"218":{"start":{"line":219,"column":0},"end":{"line":219,"column":80}},"220":{"start":{"line":221,"column":0},"end":{"line":221,"column":51}},"221":{"start":{"line":222,"column":0},"end":{"line":222,"column":25}},"222":{"start":{"line":223,"column":0},"end":{"line":223,"column":39}},"223":{"start":{"line":224,"column":0},"end":{"line":224,"column":11}},"224":{"start":{"line":225,"column":0},"end":{"line":225,"column":21}},"225":{"start":{"line":226,"column":0},"end":{"line":226,"column":10}},"226":{"start":{"line":227,"column":0},"end":{"line":227,"column":8}},"227":{"start":{"line":228,"column":0},"end":{"line":228,"column":5}},"228":{"start":{"line":229,"column":0},"end":{"line":229,"column":3}},"233":{"start":{"line":234,"column":0},"end":{"line":234,"column":35}},"234":{"start":{"line":235,"column":0},"end":{"line":235,"column":12}},"235":{"start":{"line":236,"column":0},"end":{"line":236,"column":39}},"236":{"start":{"line":237,"column":0},"end":{"line":237,"column":33}},"238":{"start":{"line":239,"column":0},"end":{"line":239,"column":96}},"239":{"start":{"line":240,"column":0},"end":{"line":240,"column":57}},"240":{"start":{"line":241,"column":0},"end":{"line":241,"column":41}},"241":{"start":{"line":242,"column":0},"end":{"line":242,"column":11}},"242":{"start":{"line":243,"column":0},"end":{"line":243,"column":24}},"243":{"start":{"line":244,"column":0},"end":{"line":244,"column":10}},"244":{"start":{"line":245,"column":0},"end":{"line":245,"column":8}},"245":{"start":{"line":246,"column":0},"end":{"line":246,"column":5}},"246":{"start":{"line":247,"column":0},"end":{"line":247,"column":3}},"251":{"start":{"line":252,"column":0},"end":{"line":252,"column":35}},"252":{"start":{"line":253,"column":0},"end":{"line":253,"column":12}},"253":{"start":{"line":254,"column":0},"end":{"line":254,"column":39}},"254":{"start":{"line":255,"column":0},"end":{"line":255,"column":23}},"256":{"start":{"line":257,"column":0},"end":{"line":257,"column":28}},"257":{"start":{"line":258,"column":0},"end":{"line":258,"column":8}},"258":{"start":{"line":259,"column":0},"end":{"line":259,"column":32}},"260":{"start":{"line":261,"column":0},"end":{"line":261,"column":39}},"261":{"start":{"line":262,"column":0},"end":{"line":262,"column":54}},"262":{"start":{"line":263,"column":0},"end":{"line":263,"column":61}},"263":{"start":{"line":264,"column":0},"end":{"line":264,"column":43}},"264":{"start":{"line":265,"column":0},"end":{"line":265,"column":11}},"265":{"start":{"line":266,"column":0},"end":{"line":266,"column":40}},"266":{"start":{"line":267,"column":0},"end":{"line":267,"column":9}},"267":{"start":{"line":268,"column":0},"end":{"line":268,"column":8}},"268":{"start":{"line":269,"column":0},"end":{"line":269,"column":5}},"269":{"start":{"line":270,"column":0},"end":{"line":270,"column":3}},"274":{"start":{"line":275,"column":0},"end":{"line":275,"column":36}},"275":{"start":{"line":276,"column":0},"end":{"line":276,"column":12}},"276":{"start":{"line":277,"column":0},"end":{"line":277,"column":40}},"277":{"start":{"line":278,"column":0},"end":{"line":278,"column":45}},"279":{"start":{"line":280,"column":0},"end":{"line":280,"column":34}},"281":{"start":{"line":282,"column":0},"end":{"line":282,"column":22}},"284":{"start":{"line":285,"column":0},"end":{"line":285,"column":40}},"286":{"start":{"line":287,"column":0},"end":{"line":287,"column":29}},"287":{"start":{"line":288,"column":0},"end":{"line":288,"column":8}},"288":{"start":{"line":289,"column":0},"end":{"line":289,"column":5}},"289":{"start":{"line":290,"column":0},"end":{"line":290,"column":3}},"294":{"start":{"line":295,"column":0},"end":{"line":295,"column":32}},"295":{"start":{"line":296,"column":0},"end":{"line":296,"column":12}},"296":{"start":{"line":297,"column":0},"end":{"line":297,"column":36}},"297":{"start":{"line":298,"column":0},"end":{"line":298,"column":26}},"299":{"start":{"line":300,"column":0},"end":{"line":300,"column":34}},"300":{"start":{"line":301,"column":0},"end":{"line":301,"column":8}},"301":{"start":{"line":302,"column":0},"end":{"line":302,"column":5}},"302":{"start":{"line":303,"column":0},"end":{"line":303,"column":3}},"304":{"start":{"line":305,"column":0},"end":{"line":305,"column":10}},"305":{"start":{"line":306,"column":0},"end":{"line":306,"column":23}},"306":{"start":{"line":307,"column":0},"end":{"line":307,"column":17}},"307":{"start":{"line":308,"column":0},"end":{"line":308,"column":17}},"308":{"start":{"line":309,"column":0},"end":{"line":309,"column":16}},"309":{"start":{"line":310,"column":0},"end":{"line":310,"column":18}},"310":{"start":{"line":311,"column":0},"end":{"line":311,"column":24}},"311":{"start":{"line":312,"column":0},"end":{"line":312,"column":20}},"312":{"start":{"line":313,"column":0},"end":{"line":313,"column":18}},"313":{"start":{"line":314,"column":0},"end":{"line":314,"column":20}},"314":{"start":{"line":315,"column":0},"end":{"line":315,"column":18}},"315":{"start":{"line":316,"column":0},"end":{"line":316,"column":22}},"316":{"start":{"line":317,"column":0},"end":{"line":317,"column":22}},"317":{"start":{"line":318,"column":0},"end":{"line":318,"column":23}},"318":{"start":{"line":319,"column":0},"end":{"line":319,"column":19}},"319":{"start":{"line":320,"column":0},"end":{"line":320,"column":3}},"320":{"start":{"line":321,"column":0},"end":{"line":321,"column":1}}},"s":{"0":1,"7":1,"8":13,"9":13,"12":1,"13":13,"14":13,"23":11,"24":11,"26":11,"29":11,"34":11,"35":0,"36":0,"37":0,"38":0,"39":0,"40":0,"41":0,"46":11,"47":0,"48":0,"49":0,"50":0,"51":0,"52":0,"53":0,"59":11,"60":0,"61":0,"62":0,"63":0,"64":0,"65":0,"67":0,"69":0,"70":0,"71":0,"72":0,"73":0,"74":0,"75":0,"76":0,"81":11,"82":0,"84":0,"85":0,"90":11,"92":0,"93":0,"94":0,"95":0,"96":0,"97":0,"98":0,"100":0,"102":0,"103":0,"104":0,"109":11,"110":0,"111":0,"112":0,"113":0,"118":11,"119":1,"120":1,"121":1,"122":0,"123":0,"124":1,"125":0,"126":0,"127":1,"128":0,"129":0,"130":1,"131":1,"136":11,"137":1,"138":1,"139":1,"140":1,"141":0,"142":0,"143":1,"144":0,"145":0,"146":1,"147":0,"148":0,"149":1,"150":1,"151":1,"156":11,"157":1,"158":1,"159":1,"161":0,"163":0,"166":0,"168":0,"169":0,"170":1,"171":1,"176":11,"177":1,"178":1,"179":1,"181":0,"183":0,"186":0,"187":0,"188":1,"189":1,"194":11,"195":1,"196":1,"197":1,"199":0,"200":0,"201":1,"203":0,"204":0,"205":0,"206":0,"207":1,"208":1,"213":11,"214":1,"215":1,"216":1,"218":0,"220":0,"221":0,"222":0,"223":0,"224":0,"225":0,"226":0,"227":1,"228":1,"233":11,"234":1,"235":1,"236":1,"238":0,"239":0,"240":0,"241":0,"242":0,"243":0,"244":0,"245":1,"246":1,"251":11,"252":1,"253":1,"254":1,"256":0,"257":0,"258":1,"260":0,"261":0,"262":0,"263":0,"264":0,"265":0,"266":0,"267":0,"268":1,"269":1,"274":11,"275":1,"276":1,"277":1,"279":0,"281":0,"284":0,"286":0,"287":0,"288":1,"289":1,"294":11,"295":1,"296":1,"297":1,"299":0,"300":0,"301":1,"302":1,"304":11,"305":11,"306":11,"307":11,"308":11,"309":11,"310":11,"311":11,"312":11,"313":11,"314":11,"315":11,"316":11,"317":11,"318":11,"319":11,"320":11},"branchMap":{"0":{"type":"branch","line":8,"loc":{"start":{"line":8,"column":7},"end":{"line":10,"column":1}},"locations":[{"start":{"line":8,"column":7},"end":{"line":10,"column":1}}]},"1":{"type":"branch","line":9,"loc":{"start":{"line":9,"column":28},"end":{"line":9,"column":40}},"locations":[{"start":{"line":9,"column":28},"end":{"line":9,"column":40}}]},"2":{"type":"branch","line":9,"loc":{"start":{"line":9,"column":32},"end":{"line":9,"column":47}},"locations":[{"start":{"line":9,"column":32},"end":{"line":9,"column":47}}]},"3":{"type":"branch","line":13,"loc":{"start":{"line":13,"column":7},"end":{"line":15,"column":1}},"locations":[{"start":{"line":13,"column":7},"end":{"line":15,"column":1}}]},"4":{"type":"branch","line":14,"loc":{"start":{"line":14,"column":25},"end":{"line":14,"column":42}},"locations":[{"start":{"line":14,"column":25},"end":{"line":14,"column":42}}]},"5":{"type":"branch","line":14,"loc":{"start":{"line":14,"column":38},"end":{"line":14,"column":43}},"locations":[{"start":{"line":14,"column":38},"end":{"line":14,"column":43}}]},"6":{"type":"branch","line":24,"loc":{"start":{"line":24,"column":0},"end":{"line":321,"column":1}},"locations":[{"start":{"line":24,"column":0},"end":{"line":321,"column":1}}]},"7":{"type":"branch","line":119,"loc":{"start":{"line":119,"column":24},"end":{"line":132,"column":3}},"locations":[{"start":{"line":119,"column":24},"end":{"line":132,"column":3}}]},"8":{"type":"branch","line":137,"loc":{"start":{"line":137,"column":30},"end":{"line":152,"column":3}},"locations":[{"start":{"line":137,"column":30},"end":{"line":152,"column":3}}]},"9":{"type":"branch","line":157,"loc":{"start":{"line":157,"column":26},"end":{"line":172,"column":3}},"locations":[{"start":{"line":157,"column":26},"end":{"line":172,"column":3}}]},"10":{"type":"branch","line":177,"loc":{"start":{"line":177,"column":24},"end":{"line":190,"column":3}},"locations":[{"start":{"line":177,"column":24},"end":{"line":190,"column":3}}]},"11":{"type":"branch","line":195,"loc":{"start":{"line":195,"column":26},"end":{"line":209,"column":3}},"locations":[{"start":{"line":195,"column":26},"end":{"line":209,"column":3}}]},"12":{"type":"branch","line":214,"loc":{"start":{"line":214,"column":24},"end":{"line":229,"column":3}},"locations":[{"start":{"line":214,"column":24},"end":{"line":229,"column":3}}]},"13":{"type":"branch","line":234,"loc":{"start":{"line":234,"column":28},"end":{"line":247,"column":3}},"locations":[{"start":{"line":234,"column":28},"end":{"line":247,"column":3}}]},"14":{"type":"branch","line":252,"loc":{"start":{"line":252,"column":28},"end":{"line":270,"column":3}},"locations":[{"start":{"line":252,"column":28},"end":{"line":270,"column":3}}]},"15":{"type":"branch","line":275,"loc":{"start":{"line":275,"column":29},"end":{"line":290,"column":3}},"locations":[{"start":{"line":275,"column":29},"end":{"line":290,"column":3}}]},"16":{"type":"branch","line":295,"loc":{"start":{"line":295,"column":25},"end":{"line":303,"column":3}},"locations":[{"start":{"line":295,"column":25},"end":{"line":303,"column":3}}]}},"b":{"0":[13],"1":[1],"2":[12],"3":[13],"4":[1],"5":[12],"6":[11],"7":[1],"8":[1],"9":[1],"10":[1],"11":[1],"12":[1],"13":[1],"14":[1],"15":[1],"16":[1]},"fnMap":{"0":{"name":"ensureArray","decl":{"start":{"line":8,"column":7},"end":{"line":10,"column":1}},"loc":{"start":{"line":8,"column":7},"end":{"line":10,"column":1}},"line":8},"1":{"name":"normalizePath","decl":{"start":{"line":13,"column":7},"end":{"line":15,"column":1}},"loc":{"start":{"line":13,"column":7},"end":{"line":15,"column":1}},"line":13},"2":{"name":"createAbbrlink","decl":{"start":{"line":24,"column":0},"end":{"line":321,"column":1}},"loc":{"start":{"line":24,"column":0},"end":{"line":321,"column":1}},"line":24},"3":{"name":"getFileMds","decl":{"start":{"line":35,"column":21},"end":{"line":42,"column":3}},"loc":{"start":{"line":35,"column":21},"end":{"line":42,"column":3}},"line":35},"4":{"name":"updateFileContent","decl":{"start":{"line":47,"column":28},"end":{"line":54,"column":3}},"loc":{"start":{"line":47,"column":28},"end":{"line":54,"column":3}},"line":47},"5":{"name":"setAbbrLink","decl":{"start":{"line":60,"column":22},"end":{"line":77,"column":3}},"loc":{"start":{"line":60,"column":22},"end":{"line":77,"column":3}},"line":60},"6":{"name":"initMdsSetAbbrLink","decl":{"start":{"line":82,"column":29},"end":{"line":86,"column":3}},"loc":{"start":{"line":82,"column":29},"end":{"line":86,"column":3}},"line":82},"7":{"name":"watchMdFiles","decl":{"start":{"line":91,"column":23},"end":{"line":105,"column":3}},"loc":{"start":{"line":91,"column":23},"end":{"line":105,"column":3}},"line":91},"8":{"name":"closeWatcher","decl":{"start":{"line":110,"column":23},"end":{"line":114,"column":3}},"loc":{"start":{"line":110,"column":23},"end":{"line":114,"column":3}},"line":110},"9":{"name":"getVitePlugin","decl":{"start":{"line":119,"column":24},"end":{"line":132,"column":3}},"loc":{"start":{"line":119,"column":24},"end":{"line":132,"column":3}},"line":119},"10":{"name":"buildStart","decl":{"start":{"line":122,"column":6},"end":{"line":124,"column":8}},"loc":{"start":{"line":122,"column":6},"end":{"line":124,"column":8}},"line":122},"11":{"name":"configResolved","decl":{"start":{"line":125,"column":6},"end":{"line":127,"column":8}},"loc":{"start":{"line":125,"column":6},"end":{"line":127,"column":8}},"line":125},"12":{"name":"closeBundle","decl":{"start":{"line":128,"column":6},"end":{"line":130,"column":8}},"loc":{"start":{"line":128,"column":6},"end":{"line":130,"column":8}},"line":128},"13":{"name":"getAstroIntegration","decl":{"start":{"line":137,"column":30},"end":{"line":152,"column":3}},"loc":{"start":{"line":137,"column":30},"end":{"line":152,"column":3}},"line":137},"14":{"name":"astro:build:start","decl":{"start":{"line":141,"column":29},"end":{"line":143,"column":10}},"loc":{"start":{"line":141,"column":29},"end":{"line":143,"column":10}},"line":141},"15":{"name":"astro:server:start","decl":{"start":{"line":144,"column":30},"end":{"line":146,"column":10}},"loc":{"start":{"line":144,"column":30},"end":{"line":146,"column":10}},"line":144},"16":{"name":"astro:server:stop","decl":{"start":{"line":147,"column":29},"end":{"line":149,"column":10}},"loc":{"start":{"line":147,"column":29},"end":{"line":149,"column":10}},"line":147},"17":{"name":"getNextjsPlugin","decl":{"start":{"line":157,"column":26},"end":{"line":172,"column":3}},"loc":{"start":{"line":157,"column":26},"end":{"line":172,"column":3}},"line":157},"18":{"name":"module","decl":{"start":{"line":160,"column":6},"end":{"line":170,"column":8}},"loc":{"start":{"line":160,"column":6},"end":{"line":170,"column":8}},"line":160},"19":{"name":"getNuxtModule","decl":{"start":{"line":177,"column":24},"end":{"line":190,"column":3}},"loc":{"start":{"line":177,"column":24},"end":{"line":190,"column":3}},"line":177},"20":{"name":"setup","decl":{"start":{"line":180,"column":6},"end":{"line":188,"column":8}},"loc":{"start":{"line":180,"column":6},"end":{"line":188,"column":8}},"line":180},"21":{"name":"getGatsbyPlugin","decl":{"start":{"line":195,"column":26},"end":{"line":209,"column":3}},"loc":{"start":{"line":195,"column":26},"end":{"line":209,"column":3}},"line":195},"22":{"name":"onPreBootstrap","decl":{"start":{"line":198,"column":6},"end":{"line":201,"column":8}},"loc":{"start":{"line":198,"column":6},"end":{"line":201,"column":8}},"line":198},"23":{"name":"onCreateNode","decl":{"start":{"line":202,"column":6},"end":{"line":207,"column":8}},"loc":{"start":{"line":202,"column":6},"end":{"line":207,"column":8}},"line":202},"24":{"name":"getHexoPlugin","decl":{"start":{"line":214,"column":24},"end":{"line":229,"column":3}},"loc":{"start":{"line":214,"column":24},"end":{"line":229,"column":3}},"line":214},"25":{"name":"init","decl":{"start":{"line":217,"column":6},"end":{"line":227,"column":8}},"loc":{"start":{"line":217,"column":6},"end":{"line":227,"column":8}},"line":217},"26":{"name":"getEleventyPlugin","decl":{"start":{"line":234,"column":28},"end":{"line":247,"column":3}},"loc":{"start":{"line":234,"column":28},"end":{"line":247,"column":3}},"line":234},"27":{"name":"init","decl":{"start":{"line":237,"column":6},"end":{"line":245,"column":8}},"loc":{"start":{"line":237,"column":6},"end":{"line":245,"column":8}},"line":237},"28":{"name":"getVuePressPlugin","decl":{"start":{"line":252,"column":28},"end":{"line":270,"column":3}},"loc":{"start":{"line":252,"column":28},"end":{"line":270,"column":3}},"line":252},"29":{"name":"onInitialized","decl":{"start":{"line":255,"column":6},"end":{"line":258,"column":8}},"loc":{"start":{"line":255,"column":6},"end":{"line":258,"column":8}},"line":255},"30":{"name":"extendsMarkdown","decl":{"start":{"line":259,"column":6},"end":{"line":268,"column":8}},"loc":{"start":{"line":259,"column":6},"end":{"line":268,"column":8}},"line":259},"31":{"name":"getSvelteKitPlugin","decl":{"start":{"line":275,"column":29},"end":{"line":290,"column":3}},"loc":{"start":{"line":275,"column":29},"end":{"line":290,"column":3}},"line":275},"32":{"name":"handle","decl":{"start":{"line":278,"column":6},"end":{"line":288,"column":8}},"loc":{"start":{"line":278,"column":6},"end":{"line":288,"column":8}},"line":278},"33":{"name":"getRemixPlugin","decl":{"start":{"line":295,"column":25},"end":{"line":303,"column":3}},"loc":{"start":{"line":295,"column":25},"end":{"line":303,"column":3}},"line":295},"34":{"name":"buildStart","decl":{"start":{"line":298,"column":6},"end":{"line":301,"column":8}},"loc":{"start":{"line":298,"column":6},"end":{"line":301,"column":8}},"line":298}},"f":{"0":13,"1":13,"2":11,"3":0,"4":0,"5":0,"6":0,"7":0,"8":0,"9":1,"10":0,"11":0,"12":0,"13":1,"14":0,"15":0,"16":0,"17":1,"18":0,"19":1,"20":0,"21":1,"22":0,"23":0,"24":1,"25":0,"26":1,"27":0,"28":1,"29":0,"30":0,"31":1,"32":0,"33":1,"34":0}}
,"/Users/tangerball/codeBase/abbrlink/packages/cli/src/model/abbrLink.ts": {"path":"/Users/tangerball/codeBase/abbrlink/packages/cli/src/model/abbrLink.ts","all":true,"statementMap":{},"s":{},"branchMap":{"0":{"type":"branch","line":1,"loc":{"start":{"line":1,"column":368},"end":{"line":22,"column":1}},"locations":[{"start":{"line":1,"column":368},"end":{"line":22,"column":1}}]}},"b":{"0":[1]},"fnMap":{"0":{"name":"(empty-report)","decl":{"start":{"line":1,"column":368},"end":{"line":22,"column":1}},"loc":{"start":{"line":1,"column":368},"end":{"line":22,"column":1}},"line":1}},"f":{"0":1}}
,"/Users/tangerball/codeBase/abbrlink/packages/cli/src/model/config.ts": {"path":"/Users/tangerball/codeBase/abbrlink/packages/cli/src/model/config.ts","all":true,"statementMap":{},"s":{},"branchMap":{"0":{"type":"branch","line":1,"loc":{"start":{"line":1,"column":178},"end":{"line":8,"column":1}},"locations":[{"start":{"line":1,"column":178},"end":{"line":8,"column":1}}]}},"b":{"0":[1]},"fnMap":{"0":{"name":"(empty-report)","decl":{"start":{"line":1,"column":178},"end":{"line":8,"column":1}},"loc":{"start":{"line":1,"column":178},"end":{"line":8,"column":1}},"line":1}},"f":{"0":1}}
,"/Users/tangerball/codeBase/abbrlink/packages/cli/src/utils/abbrLink.ts": {"path":"/Users/tangerball/codeBase/abbrlink/packages/cli/src/utils/abbrLink.ts","all":false,"statementMap":{"0":{"start":{"line":1,"column":0},"end":{"line":1,"column":34}},"1":{"start":{"line":2,"column":0},"end":{"line":2,"column":32}},"7":{"start":{"line":8,"column":0},"end":{"line":8,"column":16}},"13":{"start":{"line":14,"column":0},"end":{"line":14,"column":96}},"15":{"start":{"line":16,"column":0},"end":{"line":16,"column":19}},"16":{"start":{"line":17,"column":0},"end":{"line":17,"column":53}},"17":{"start":{"line":18,"column":0},"end":{"line":18,"column":65}},"18":{"start":{"line":19,"column":0},"end":{"line":19,"column":16}},"19":{"start":{"line":20,"column":0},"end":{"line":20,"column":5}},"20":{"start":{"line":21,"column":0},"end":{"line":21,"column":3}},"26":{"start":{"line":27,"column":0},"end":{"line":27,"column":70}},"27":{"start":{"line":28,"column":0},"end":{"line":28,"column":28}},"28":{"start":{"line":29,"column":0},"end":{"line":29,"column":3}},"34":{"start":{"line":35,"column":0},"end":{"line":35,"column":34}},"35":{"start":{"line":36,"column":0},"end":{"line":36,"column":31}},"36":{"start":{"line":37,"column":0},"end":{"line":37,"column":3}},"42":{"start":{"line":43,"column":0},"end":{"line":43,"column":56}},"43":{"start":{"line":44,"column":0},"end":{"line":44,"column":67}},"44":{"start":{"line":45,"column":0},"end":{"line":45,"column":91}},"45":{"start":{"line":46,"column":0},"end":{"line":46,"column":3}},"51":{"start":{"line":52,"column":0},"end":{"line":52,"column":67}},"52":{"start":{"line":53,"column":0},"end":{"line":53,"column":65}},"53":{"start":{"line":54,"column":0},"end":{"line":54,"column":24}},"54":{"start":{"line":55,"column":0},"end":{"line":55,"column":38}},"55":{"start":{"line":56,"column":0},"end":{"line":56,"column":67}},"56":{"start":{"line":57,"column":0},"end":{"line":57,"column":12}},"57":{"start":{"line":58,"column":0},"end":{"line":58,"column":67}},"58":{"start":{"line":59,"column":0},"end":{"line":59,"column":5}},"59":{"start":{"line":60,"column":0},"end":{"line":60,"column":26}},"60":{"start":{"line":61,"column":0},"end":{"line":61,"column":3}},"66":{"start":{"line":67,"column":0},"end":{"line":67,"column":25}},"67":{"start":{"line":68,"column":0},"end":{"line":68,"column":38}},"68":{"start":{"line":69,"column":0},"end":{"line":69,"column":46}},"69":{"start":{"line":70,"column":0},"end":{"line":70,"column":49}},"70":{"start":{"line":71,"column":0},"end":{"line":71,"column":59}},"71":{"start":{"line":72,"column":0},"end":{"line":72,"column":63}},"73":{"start":{"line":74,"column":0},"end":{"line":74,"column":80}},"74":{"start":{"line":75,"column":0},"end":{"line":75,"column":23}},"75":{"start":{"line":76,"column":0},"end":{"line":76,"column":6}},"77":{"start":{"line":78,"column":0},"end":{"line":78,"column":58}},"78":{"start":{"line":79,"column":0},"end":{"line":79,"column":3}},"79":{"start":{"line":80,"column":0},"end":{"line":80,"column":1}},"81":{"start":{"line":82,"column":0},"end":{"line":82,"column":23}}},"s":{"0":1,"1":1,"7":1,"13":1,"15":25,"16":25,"17":25,"18":25,"19":25,"20":25,"26":1,"27":0,"28":0,"34":1,"35":2,"36":2,"42":1,"43":7,"44":7,"45":7,"51":1,"52":5,"53":5,"54":5,"55":4,"56":5,"57":1,"58":1,"59":5,"60":5,"66":1,"67":1,"68":1,"69":1,"70":1,"71":1,"73":1,"74":1,"75":1,"77":1,"78":1,"79":1,"81":1},"branchMap":{"0":{"type":"branch","line":14,"loc":{"start":{"line":14,"column":2},"end":{"line":21,"column":3}},"locations":[{"start":{"line":14,"column":2},"end":{"line":21,"column":3}}]},"1":{"type":"branch","line":35,"loc":{"start":{"line":35,"column":2},"end":{"line":37,"column":3}},"locations":[{"start":{"line":35,"column":2},"end":{"line":37,"column":3}}]},"2":{"type":"branch","line":36,"loc":{"start":{"line":36,"column":17},"end":{"line":36,"column":31}},"locations":[{"start":{"line":36,"column":17},"end":{"line":36,"column":31}}]},"3":{"type":"branch","line":43,"loc":{"start":{"line":43,"column":2},"end":{"line":46,"column":3}},"locations":[{"start":{"line":43,"column":2},"end":{"line":46,"column":3}}]},"4":{"type":"branch","line":52,"loc":{"start":{"line":52,"column":2},"end":{"line":61,"column":3}},"locations":[{"start":{"line":52,"column":2},"end":{"line":61,"column":3}}]},"5":{"type":"branch","line":55,"loc":{"start":{"line":55,"column":37},"end":{"line":57,"column":11}},"locations":[{"start":{"line":55,"column":37},"end":{"line":57,"column":11}}]},"6":{"type":"branch","line":57,"loc":{"start":{"line":57,"column":4},"end":{"line":59,"column":5}},"locations":[{"start":{"line":57,"column":4},"end":{"line":59,"column":5}}]},"7":{"type":"branch","line":60,"loc":{"start":{"line":60,"column":11},"end":{"line":60,"column":26}},"locations":[{"start":{"line":60,"column":11},"end":{"line":60,"column":26}}]},"8":{"type":"branch","line":67,"loc":{"start":{"line":67,"column":2},"end":{"line":79,"column":3}},"locations":[{"start":{"line":67,"column":2},"end":{"line":79,"column":3}}]},"9":{"type":"branch","line":74,"loc":{"start":{"line":74,"column":50},"end":{"line":74,"column":65}},"locations":[{"start":{"line":74,"column":50},"end":{"line":74,"column":65}}]}},"b":{"0":[25],"1":[2],"2":[1],"3":[7],"4":[5],"5":[4],"6":[1],"7":[0],"8":[1],"9":[0]},"fnMap":{"0":{"name":"AbbrLink","decl":{"start":{"line":14,"column":2},"end":{"line":21,"column":3}},"loc":{"start":{"line":14,"column":2},"end":{"line":21,"column":3}},"line":14},"1":{"name":"getMdData","decl":{"start":{"line":27,"column":2},"end":{"line":29,"column":3}},"loc":{"start":{"line":27,"column":2},"end":{"line":29,"column":3}},"line":27},"2":{"name":"hasAbbrLink","decl":{"start":{"line":35,"column":2},"end":{"line":37,"column":3}},"loc":{"start":{"line":35,"column":2},"end":{"line":37,"column":3}},"line":35},"3":{"name":"localDateTimeString","decl":{"start":{"line":43,"column":2},"end":{"line":46,"column":3}},"loc":{"start":{"line":43,"column":2},"end":{"line":46,"column":3}},"line":43},"4":{"name":"abbrLinkHelper","decl":{"start":{"line":52,"column":2},"end":{"line":61,"column":3}},"loc":{"start":{"line":52,"column":2},"end":{"line":61,"column":3}},"line":52},"5":{"name":"generateAbbrLink","decl":{"start":{"line":67,"column":2},"end":{"line":79,"column":3}},"loc":{"start":{"line":67,"column":2},"end":{"line":79,"column":3}},"line":67}},"f":{"0":25,"1":0,"2":2,"3":7,"4":5,"5":1}}
,"/Users/tangerball/codeBase/abbrlink/packages/eleventy-plugin-abbrlink/src/index.ts": {"path":"/Users/tangerball/codeBase/abbrlink/packages/eleventy-plugin-abbrlink/src/index.ts","all":false,"statementMap":{"0":{"start":{"line":1,"column":0},"end":{"line":1,"column":34}},"3":{"start":{"line":4,"column":0},"end":{"line":4,"column":66}},"4":{"start":{"line":5,"column":0},"end":{"line":5,"column":50}},"5":{"start":{"line":6,"column":0},"end":{"line":6,"column":45}},"6":{"start":{"line":7,"column":0},"end":{"line":7,"column":1}}},"s":{"0":1,"3":1,"4":1,"5":1,"6":1},"branchMap":{"0":{"type":"branch","line":4,"loc":{"start":{"line":4,"column":0},"end":{"line":7,"column":1}},"locations":[{"start":{"line":4,"column":0},"end":{"line":7,"column":1}}]}},"b":{"0":[1]},"fnMap":{"0":{"name":"eleventyPluginAbbrlink","decl":{"start":{"line":4,"column":0},"end":{"line":7,"column":1}},"loc":{"start":{"line":4,"column":0},"end":{"line":7,"column":1}},"line":4}},"f":{"0":1}}
,"/Users/tangerball/codeBase/abbrlink/packages/gatsby-plugin-abbrlink/src/index.ts": {"path":"/Users/tangerball/codeBase/abbrlink/packages/gatsby-plugin-abbrlink/src/index.ts","all":false,"statementMap":{"0":{"start":{"line":1,"column":0},"end":{"line":1,"column":34}},"3":{"start":{"line":4,"column":0},"end":{"line":4,"column":64}},"4":{"start":{"line":5,"column":0},"end":{"line":5,"column":50}},"5":{"start":{"line":6,"column":0},"end":{"line":6,"column":43}},"6":{"start":{"line":7,"column":0},"end":{"line":7,"column":1}}},"s":{"0":1,"3":1,"4":1,"5":1,"6":1},"branchMap":{"0":{"type":"branch","line":4,"loc":{"start":{"line":4,"column":0},"end":{"line":7,"column":1}},"locations":[{"start":{"line":4,"column":0},"end":{"line":7,"column":1}}]}},"b":{"0":[1]},"fnMap":{"0":{"name":"gatsbyPluginAbbrlink","decl":{"start":{"line":4,"column":0},"end":{"line":7,"column":1}},"loc":{"start":{"line":4,"column":0},"end":{"line":7,"column":1}},"line":4}},"f":{"0":1}}
,"/Users/tangerball/codeBase/abbrlink/packages/hexo-plugin-abbrlink/src/index.ts": {"path":"/Users/tangerball/codeBase/abbrlink/packages/hexo-plugin-abbrlink/src/index.ts","all":false,"statementMap":{"0":{"start":{"line":1,"column":0},"end":{"line":1,"column":34}},"3":{"start":{"line":4,"column":0},"end":{"line":4,"column":73}},"4":{"start":{"line":5,"column":0},"end":{"line":5,"column":50}},"5":{"start":{"line":6,"column":0},"end":{"line":6,"column":49}},"6":{"start":{"line":7,"column":0},"end":{"line":7,"column":19}},"7":{"start":{"line":8,"column":0},"end":{"line":8,"column":1}}},"s":{"0":1,"3":1,"4":1,"5":1,"6":1,"7":1},"branchMap":{"0":{"type":"branch","line":4,"loc":{"start":{"line":4,"column":0},"end":{"line":8,"column":1}},"locations":[{"start":{"line":4,"column":0},"end":{"line":8,"column":1}}]}},"b":{"0":[1]},"fnMap":{"0":{"name":"hexoPluginAbbrlink","decl":{"start":{"line":4,"column":0},"end":{"line":8,"column":1}},"loc":{"start":{"line":4,"column":0},"end":{"line":8,"column":1}},"line":4}},"f":{"0":1}}
,"/Users/tangerball/codeBase/abbrlink/packages/remix-plugin-abbrlink/src/index.ts": {"path":"/Users/tangerball/codeBase/abbrlink/packages/remix-plugin-abbrlink/src/index.ts","all":false,"statementMap":{"0":{"start":{"line":1,"column":0},"end":{"line":1,"column":34}},"3":{"start":{"line":4,"column":0},"end":{"line":4,"column":66}},"4":{"start":{"line":5,"column":0},"end":{"line":5,"column":50}},"5":{"start":{"line":6,"column":0},"end":{"line":6,"column":50}},"8":{"start":{"line":9,"column":0},"end":{"line":9,"column":29}},"9":{"start":{"line":10,"column":0},"end":{"line":10,"column":28}},"10":{"start":{"line":11,"column":0},"end":{"line":11,"column":3}},"12":{"start":{"line":13,"column":0},"end":{"line":13,"column":34}},"13":{"start":{"line":14,"column":0},"end":{"line":14,"column":20}},"14":{"start":{"line":15,"column":0},"end":{"line":15,"column":1}},"16":{"start":{"line":17,"column":0},"end":{"line":17,"column":63}},"17":{"start":{"line":18,"column":0},"end":{"line":18,"column":50}},"18":{"start":{"line":19,"column":0},"end":{"line":19,"column":42}},"19":{"start":{"line":20,"column":0},"end":{"line":20,"column":1}}},"s":{"0":1,"3":1,"4":2,"5":2,"8":2,"9":2,"10":2,"12":2,"13":2,"14":2,"16":1,"17":1,"18":1,"19":1},"branchMap":{"0":{"type":"branch","line":4,"loc":{"start":{"line":4,"column":7},"end":{"line":15,"column":1}},"locations":[{"start":{"line":4,"column":7},"end":{"line":15,"column":1}}]},"1":{"type":"branch","line":17,"loc":{"start":{"line":17,"column":0},"end":{"line":20,"column":1}},"locations":[{"start":{"line":17,"column":0},"end":{"line":20,"column":1}}]}},"b":{"0":[2],"1":[1]},"fnMap":{"0":{"name":"withAbbrlink","decl":{"start":{"line":4,"column":7},"end":{"line":15,"column":1}},"loc":{"start":{"line":4,"column":7},"end":{"line":15,"column":1}},"line":4},"1":{"name":"remixPluginAbbrlink","decl":{"start":{"line":17,"column":0},"end":{"line":20,"column":1}},"loc":{"start":{"line":17,"column":0},"end":{"line":20,"column":1}},"line":17}},"f":{"0":2,"1":1}}
,"/Users/tangerball/codeBase/abbrlink/packages/sveltekit-plugin-abbrlink/src/index.ts": {"path":"/Users/tangerball/codeBase/abbrlink/packages/sveltekit-plugin-abbrlink/src/index.ts","all":false,"statementMap":{"0":{"start":{"line":1,"column":0},"end":{"line":1,"column":34}},"3":{"start":{"line":4,"column":0},"end":{"line":4,"column":67}},"4":{"start":{"line":5,"column":0},"end":{"line":5,"column":50}},"5":{"start":{"line":6,"column":0},"end":{"line":6,"column":46}},"6":{"start":{"line":7,"column":0},"end":{"line":7,"column":1}}},"s":{"0":1,"3":1,"4":1,"5":1,"6":1},"branchMap":{"0":{"type":"branch","line":4,"loc":{"start":{"line":4,"column":0},"end":{"line":7,"column":1}},"locations":[{"start":{"line":4,"column":0},"end":{"line":7,"column":1}}]}},"b":{"0":[1]},"fnMap":{"0":{"name":"sveltekitPluginAbbrlink","decl":{"start":{"line":4,"column":0},"end":{"line":7,"column":1}},"loc":{"start":{"line":4,"column":0},"end":{"line":7,"column":1}},"line":4}},"f":{"0":1}}
,"/Users/tangerball/codeBase/abbrlink/packages/vite-plugin-abbrlink/src/index.ts": {"path":"/Users/tangerball/codeBase/abbrlink/packages/vite-plugin-abbrlink/src/index.ts","all":false,"statementMap":{"0":{"start":{"line":1,"column":0},"end":{"line":1,"column":34}},"3":{"start":{"line":4,"column":0},"end":{"line":4,"column":62}},"4":{"start":{"line":5,"column":0},"end":{"line":5,"column":50}},"5":{"start":{"line":6,"column":0},"end":{"line":6,"column":41}},"6":{"start":{"line":7,"column":0},"end":{"line":7,"column":1}}},"s":{"0":1,"3":2,"4":2,"5":2,"6":2},"branchMap":{"0":{"type":"branch","line":4,"loc":{"start":{"line":4,"column":0},"end":{"line":7,"column":1}},"locations":[{"start":{"line":4,"column":0},"end":{"line":7,"column":1}}]}},"b":{"0":[2]},"fnMap":{"0":{"name":"vitePluginAbbrLink","decl":{"start":{"line":4,"column":0},"end":{"line":7,"column":1}},"loc":{"start":{"line":4,"column":0},"end":{"line":7,"column":1}},"line":4}},"f":{"0":2}}
,"/Users/tangerball/codeBase/abbrlink/packages/vuepress-plugin-abbrlink/src/index.ts": {"path":"/Users/tangerball/codeBase/abbrlink/packages/vuepress-plugin-abbrlink/src/index.ts","all":false,"statementMap":{"0":{"start":{"line":1,"column":0},"end":{"line":1,"column":34}},"3":{"start":{"line":4,"column":0},"end":{"line":4,"column":66}},"4":{"start":{"line":5,"column":0},"end":{"line":5,"column":50}},"5":{"start":{"line":6,"column":0},"end":{"line":6,"column":45}},"6":{"start":{"line":7,"column":0},"end":{"line":7,"column":1}}},"s":{"0":1,"3":1,"4":1,"5":1,"6":1},"branchMap":{"0":{"type":"branch","line":4,"loc":{"start":{"line":4,"column":0},"end":{"line":7,"column":1}},"locations":[{"start":{"line":4,"column":0},"end":{"line":7,"column":1}}]}},"b":{"0":[1]},"fnMap":{"0":{"name":"vuepressPluginAbbrlink","decl":{"start":{"line":4,"column":0},"end":{"line":7,"column":1}},"loc":{"start":{"line":4,"column":0},"end":{"line":7,"column":1}},"line":4}},"f":{"0":1}}
}
